<?xml version="1.0" encoding="UTF-8"?>
<!-- Generated by org.testng.reporters.JUnitReportReporter -->
<testsuite hostname="LAPTOP-I33T45KV" failures="0" tests="3" name="Pages.Logincalss" time="13.466" errors="0" timestamp="2023-02-06T22:37:28 IST" skipped="2">
  <testcase classname="Pages.Logincalss" name="iconfunctionality" time="13.466"/>
  <system-out/>
  <testcase classname="Pages.Logincalss" name="validcredentilals">
    <skipped/>
  </testcase> <!-- validcredentilals -->
  <system-out/>
  <testcase classname="Pages.Logincalss" name="clickingonLoginButtonWithoutUsernameandPass">
    <skipped/>
  </testcase> <!-- clickingonLoginButtonWithoutUsernameandPass -->
  <system-out/>
</testsuite> <!-- Pages.Logincalss -->
